have_library: checking for main() in -lxml2... -------------------- yes

"/usr/bin/cc -o conftest -I/opt/boxen/rbenv/versions/2.1.1-github1/include/ruby-2.1.0/x86_64-darwin13.0 -I/opt/boxen/rbenv/versions/2.1.1-github1/include/ruby-2.1.0/ruby/backward -I/opt/boxen/rbenv/versions/2.1.1-github1/include/ruby-2.1.0 -I../../../../ext/mathematical -I/opt/boxen/rbenv/versions/2.1.1-github1/include  -D_XOPEN_SOURCE -D_DARWIN_C_SOURCE -D_DARWIN_UNLIMITED_SELECT -D_REENTRANT   -I/opt/boxen/homebrew/include -I/opt/X11/include -O3 -Wno-error=shorten-64-to-32  -pipe conftest.c  -L. -L/opt/boxen/rbenv/versions/2.1.1-github1/lib -L. -L/opt/boxen/rbenv/versions/2.1.1-github1/lib -L/opt/boxen/homebrew/lib -L/opt/X11/lib -fstack-protector     -lruby-static -framework CoreFoundation  -lpthread -ldl -lobjc "
checked program was:
/* begin */
1: #include "ruby.h"
2: 
3: int main(int argc, char **argv)
4: {
5:   return 0;
6: }
/* end */

"/usr/bin/cc -o conftest -I/opt/boxen/rbenv/versions/2.1.1-github1/include/ruby-2.1.0/x86_64-darwin13.0 -I/opt/boxen/rbenv/versions/2.1.1-github1/include/ruby-2.1.0/ruby/backward -I/opt/boxen/rbenv/versions/2.1.1-github1/include/ruby-2.1.0 -I../../../../ext/mathematical -I/opt/boxen/rbenv/versions/2.1.1-github1/include  -D_XOPEN_SOURCE -D_DARWIN_C_SOURCE -D_DARWIN_UNLIMITED_SELECT -D_REENTRANT   -I/opt/boxen/homebrew/include -I/opt/X11/include -O3 -Wno-error=shorten-64-to-32  -pipe conftest.c  -L. -L/opt/boxen/rbenv/versions/2.1.1-github1/lib -L. -L/opt/boxen/rbenv/versions/2.1.1-github1/lib -L/opt/boxen/homebrew/lib -L/opt/X11/lib -fstack-protector     -lruby-static -framework CoreFoundation -lxml2  -lpthread -ldl -lobjc "
checked program was:
/* begin */
 1: #include "ruby.h"
 2: 
 3: /*top*/
 4: extern int t(void);
 5: int main(int argc, char **argv)
 6: {
 7:   if (argc > 1000000) {
 8:     printf("%p", &t);
 9:   }
10: 
11:   return 0;
12: }
13: int t(void) { void ((*volatile p)()); p = (void ((*)()))main; return 0; }
/* end */

--------------------

find_header: checking for libxml/tree.h in /usr/include/libxml2,/usr/local/include/libxml2... -------------------- yes

"/usr/bin/cc -E -I/opt/boxen/rbenv/versions/2.1.1-github1/include/ruby-2.1.0/x86_64-darwin13.0 -I/opt/boxen/rbenv/versions/2.1.1-github1/include/ruby-2.1.0/ruby/backward -I/opt/boxen/rbenv/versions/2.1.1-github1/include/ruby-2.1.0 -I../../../../ext/mathematical -I/opt/boxen/rbenv/versions/2.1.1-github1/include  -D_XOPEN_SOURCE -D_DARWIN_C_SOURCE -D_DARWIN_UNLIMITED_SELECT -D_REENTRANT   -I/opt/boxen/homebrew/include -I/opt/X11/include -O3 -Wno-error=shorten-64-to-32  -pipe  conftest.c -o conftest.i"
conftest.c:3:10: fatal error: 'libxml/tree.h' file not found
#include <libxml/tree.h>
         ^
1 error generated.
checked program was:
/* begin */
1: #include "ruby.h"
2: 
3: #include <libxml/tree.h>
/* end */

"/usr/bin/cc -E -I/opt/boxen/rbenv/versions/2.1.1-github1/include/ruby-2.1.0/x86_64-darwin13.0 -I/opt/boxen/rbenv/versions/2.1.1-github1/include/ruby-2.1.0/ruby/backward -I/opt/boxen/rbenv/versions/2.1.1-github1/include/ruby-2.1.0 -I../../../../ext/mathematical -I/opt/boxen/rbenv/versions/2.1.1-github1/include  -D_XOPEN_SOURCE -D_DARWIN_C_SOURCE -D_DARWIN_UNLIMITED_SELECT -D_REENTRANT   -I/opt/boxen/homebrew/include -I/opt/X11/include -O3 -Wno-error=shorten-64-to-32  -pipe -I/usr/include/libxml2 conftest.c -o conftest.i"
checked program was:
/* begin */
1: #include "ruby.h"
2: 
3: #include <libxml/tree.h>
/* end */

--------------------

find_header: checking for libxml/parser.h in /usr/include/libxml2,/usr/local/include/libxml2... -------------------- yes

"/usr/bin/cc -E -I/opt/boxen/rbenv/versions/2.1.1-github1/include/ruby-2.1.0/x86_64-darwin13.0 -I/opt/boxen/rbenv/versions/2.1.1-github1/include/ruby-2.1.0/ruby/backward -I/opt/boxen/rbenv/versions/2.1.1-github1/include/ruby-2.1.0 -I../../../../ext/mathematical -I/usr/include/libxml2 -I/opt/boxen/rbenv/versions/2.1.1-github1/include  -D_XOPEN_SOURCE -D_DARWIN_C_SOURCE -D_DARWIN_UNLIMITED_SELECT -D_REENTRANT   -I/opt/boxen/homebrew/include -I/opt/X11/include -O3 -Wno-error=shorten-64-to-32  -pipe  conftest.c -o conftest.i"
checked program was:
/* begin */
1: #include "ruby.h"
2: 
3: #include <libxml/parser.h>
/* end */

--------------------

find_header: checking for libxml/xpath.h in /usr/include/libxml2,/usr/local/include/libxml2... -------------------- yes

"/usr/bin/cc -E -I/opt/boxen/rbenv/versions/2.1.1-github1/include/ruby-2.1.0/x86_64-darwin13.0 -I/opt/boxen/rbenv/versions/2.1.1-github1/include/ruby-2.1.0/ruby/backward -I/opt/boxen/rbenv/versions/2.1.1-github1/include/ruby-2.1.0 -I../../../../ext/mathematical -I/usr/include/libxml2 -I/opt/boxen/rbenv/versions/2.1.1-github1/include  -D_XOPEN_SOURCE -D_DARWIN_C_SOURCE -D_DARWIN_UNLIMITED_SELECT -D_REENTRANT   -I/opt/boxen/homebrew/include -I/opt/X11/include -O3 -Wno-error=shorten-64-to-32  -pipe  conftest.c -o conftest.i"
checked program was:
/* begin */
1: #include "ruby.h"
2: 
3: #include <libxml/xpath.h>
/* end */

--------------------

find_header: checking for libxml/xpathInternals.h in /usr/include/libxml2,/usr/local/include/libxml2... -------------------- yes

"/usr/bin/cc -E -I/opt/boxen/rbenv/versions/2.1.1-github1/include/ruby-2.1.0/x86_64-darwin13.0 -I/opt/boxen/rbenv/versions/2.1.1-github1/include/ruby-2.1.0/ruby/backward -I/opt/boxen/rbenv/versions/2.1.1-github1/include/ruby-2.1.0 -I../../../../ext/mathematical -I/usr/include/libxml2 -I/opt/boxen/rbenv/versions/2.1.1-github1/include  -D_XOPEN_SOURCE -D_DARWIN_C_SOURCE -D_DARWIN_UNLIMITED_SELECT -D_REENTRANT   -I/opt/boxen/homebrew/include -I/opt/X11/include -O3 -Wno-error=shorten-64-to-32  -pipe  conftest.c -o conftest.i"
checked program was:
/* begin */
1: #include "ruby.h"
2: 
3: #include <libxml/xpathInternals.h>
/* end */

--------------------

have_library: checking for main() in -lpangocairo-1.0... -------------------- yes

"/usr/bin/cc -o conftest -I/opt/boxen/rbenv/versions/2.1.1-github1/include/ruby-2.1.0/x86_64-darwin13.0 -I/opt/boxen/rbenv/versions/2.1.1-github1/include/ruby-2.1.0/ruby/backward -I/opt/boxen/rbenv/versions/2.1.1-github1/include/ruby-2.1.0 -I../../../../ext/mathematical -I/usr/include/libxml2 -I/opt/boxen/rbenv/versions/2.1.1-github1/include  -D_XOPEN_SOURCE -D_DARWIN_C_SOURCE -D_DARWIN_UNLIMITED_SELECT -D_REENTRANT   -I/opt/boxen/homebrew/include -I/opt/X11/include -O3 -Wno-error=shorten-64-to-32  -pipe conftest.c  -L. -L/opt/boxen/rbenv/versions/2.1.1-github1/lib -L. -L/opt/boxen/rbenv/versions/2.1.1-github1/lib -L/opt/boxen/homebrew/lib -L/opt/X11/lib -fstack-protector    -lxml2  -lruby-static -framework CoreFoundation -lpangocairo-1.0 -lxml2  -lpthread -ldl -lobjc "
checked program was:
/* begin */
 1: #include "ruby.h"
 2: 
 3: /*top*/
 4: extern int t(void);
 5: int main(int argc, char **argv)
 6: {
 7:   if (argc > 1000000) {
 8:     printf("%p", &t);
 9:   }
10: 
11:   return 0;
12: }
13: int t(void) { void ((*volatile p)()); p = (void ((*)()))main; return 0; }
/* end */

--------------------

